<?xml version="1.0" encoding="UTF-8"?>
<!-- Generated by org.testng.reporters.JUnitReportReporter -->
<testsuite hostname="Art-Samir" failures="0" tests="4" name="runner.TestRunner" time="56.738" errors="0" timestamp="18 Jul 2024 14:12:38 GMT">
  <testcase classname="runner.TestRunner" name="runScenario" time="10.157"/>
  <testcase classname="runner.TestRunner" name="runScenario" time="18.287"/>
  <testcase classname="runner.TestRunner" name="runScenario" time="10.045"/>
  <testcase classname="runner.TestRunner" name="runScenario" time="18.249"/>
</testsuite> <!-- runner.TestRunner -->
